error[E0277]: the trait bound `Image<f32, 0_u32, 2_u32, 0_u32, 0_u32, 1_u32, 0_u32>: HasGather` is not satisfied
   --> $DIR/gather_err.rs:15:34
    |
15  |     let r1: glam::Vec4 = image1d.gather(*sampler, 0.0f32, 0);
    |                                  ^^^^^^ the trait `HasGather` is not implemented for `Image<f32, 0_u32, 2_u32, 0_u32, 0_u32, 1_u32, 0_u32>`
    |
    = help: the following other types implement trait `HasGather`:
              Image<SampledType, 1_u32, DEPTH, ARRAYED, 0_u32, SAMPLED, FORMAT>
              Image<SampledType, 3_u32, DEPTH, ARRAYED, 0_u32, SAMPLED, FORMAT>
              Image<SampledType, 4_u32, DEPTH, ARRAYED, 0_u32, SAMPLED, FORMAT>
note: required by a bound in `Image::<SampledType, DIM, DEPTH, ARRAYED, {_: u32}, SAMPLED, FORMAT>::gather`
   --> $SPIRV_STD_SRC/image.rs:164:15
    |
164 |         Self: HasGather,
    |               ^^^^^^^^^ required by this bound in `Image::<SampledType, DIM, DEPTH, ARRAYED, {_: u32}, SAMPLED, FORMAT>::gather`

error[E0277]: the trait bound `Image<f32, 2_u32, 2_u32, 0_u32, 0_u32, 1_u32, 0_u32>: HasGather` is not satisfied
   --> $DIR/gather_err.rs:16:34
    |
16  |     let r2: glam::Vec4 = image3d.gather(*sampler, v3, 0);
    |                                  ^^^^^^ the trait `HasGather` is not implemented for `Image<f32, 2_u32, 2_u32, 0_u32, 0_u32, 1_u32, 0_u32>`
    |
    = help: the following other types implement trait `HasGather`:
              Image<SampledType, 1_u32, DEPTH, ARRAYED, 0_u32, SAMPLED, FORMAT>
              Image<SampledType, 3_u32, DEPTH, ARRAYED, 0_u32, SAMPLED, FORMAT>
              Image<SampledType, 4_u32, DEPTH, ARRAYED, 0_u32, SAMPLED, FORMAT>
note: required by a bound in `Image::<SampledType, DIM, DEPTH, ARRAYED, {_: u32}, SAMPLED, FORMAT>::gather`
   --> $SPIRV_STD_SRC/image.rs:164:15
    |
164 |         Self: HasGather,
    |               ^^^^^^^^^ required by this bound in `Image::<SampledType, DIM, DEPTH, ARRAYED, {_: u32}, SAMPLED, FORMAT>::gather`

error: aborting due to 2 previous errors

For more information about this error, try `rustc --explain E0277`.
